<?xml version="1.0" encoding="UTF-8"?>
<!-- Generated by org.testng.reporters.JUnitReportReporter -->
<testsuite name="testcases.LoginTestCase2" tests="2" time="17.029" ignored="0" failures="0" timestamp="28 Apr 2018 04:54:17 GMT" skipped="0" hostname="Chandani" errors="0">
  <testcase name="logout" time="5.956" classname="testcases.LoginTestCase2"/>
  <testcase name="login" time="11.073" classname="testcases.LoginTestCase2"/>
</testsuite> <!-- testcases.LoginTestCase2 -->
