<?xml version="1.0" encoding="UTF-8"?>
<!-- Generated by org.testng.reporters.JUnitReportReporter -->
<testsuite hostname="Sarikas-MacBook-Pro.local" name="testcases.LoginTestCase" tests="1" failures="0" timestamp="29 Apr 2018 05:27:14 GMT" time="23.562" errors="0">
  <testcase name="login" time="23.562" classname="testcases.LoginTestCase"/>
</testsuite> <!-- testcases.LoginTestCase -->
